PLINK v1.90b5.2 64-bit (9 Jan 2018)
Options in effect:
  --file tmp
  --make-bed
  --out tmp

Hostname: whale
Working directory: /export/home1/daichi/work/WGS/14.DLB_2024/src/Revise_gene_based_AS/res/01.bbf
Start time: Wed Sep 25 11:48:03 2024

Random number seed: 1727232483
32063 MB RAM detected; reserving 16031 MB for main workspace.
Scanning .ped file...
Possibly irregular .ped line.  Restarting scan, assuming multichar alleles.
.ped scan complete (for binary autoconversion).
Performing single-pass .bed write (165269 variants, 1000 people).
--file: tmp-temporary.bed + tmp-temporary.bim + tmp-temporary.fam written.
165269 variants loaded from .bim file.
1000 people (500 males, 500 females) loaded from .fam.
1000 phenotype values loaded from .fam.
Using 1 thread (no multithreaded calculations invoked).
Before main variant filters, 1000 founders and 0 nonfounders present.
Calculating allele frequencies... done.
Total genotyping rate is 0.998244.
165269 variants and 1000 people pass filters and QC.
Among remaining phenotypes, 499 are cases and 501 are controls.
--make-bed to tmp.bed + tmp.bim + tmp.fam ... done.

End time: Wed Sep 25 11:48:18 2024
